<?xml version="1.0" encoding="UTF-8"?>
<!-- Generated by org.testng.reporters.JUnitReportReporter -->
<testsuite hostname="QT-UK-MAC0033.local" failures="0" tests="1" name="runner.RunnerTestNG" time="11.351" errors="0" timestamp="2024-03-05T22:46:25 GMT" skipped="0">
  <testcase classname="runner.RunnerTestNG" name="runScenario" time="11.351"/>
</testsuite> <!-- runner.RunnerTestNG -->
