<?xml version="1.0" encoding="UTF-8"?>
<!-- Generated by org.testng.reporters.JUnitReportReporter -->
<testsuite hostname="QT-UK-MAC0033.local" failures="0" tests="1" name="runner.RunnerTestNG" time="18.508" errors="0" timestamp="2024-03-06T23:06:37 GMT" skipped="0">
  <testcase classname="runner.RunnerTestNG" name="runScenario" time="18.508"/>
</testsuite> <!-- runner.RunnerTestNG -->
